<?xml version="1.0" encoding="UTF-8"?>
<!-- Generated by org.testng.reporters.JUnitReportReporter -->
<testsuite hostname="DESKTOP-ESALR7Q" failures="0" tests="1" name="WorkingWithTestNG.TC_Register_002" time="13.382" errors="0" timestamp="12 Mar 2024 14:25:55 GMT" skipped="0">
  <testcase classname="WorkingWithTestNG.TC_Register_002" name="register" time="13.382"/>
</testsuite> <!-- WorkingWithTestNG.TC_Register_002 -->
