<?xml version="1.0" encoding="UTF-8"?>
<!-- Generated by org.testng.reporters.JUnitReportReporter -->
<testsuite hostname="DESKTOP-ESALR7Q" failures="0" tests="1" name="WorkingWithTestNG.TC_Wishlist_001" time="6.789" errors="0" timestamp="13 Mar 2024 11:38:21 GMT" skipped="0">
  <testcase classname="WorkingWithTestNG.TC_Wishlist_001" name="Verify_If_User_Is_Able_To_Click_Wishlist" time="6.789"/>
</testsuite> <!-- WorkingWithTestNG.TC_Wishlist_001 -->
