<?xml version="1.0" encoding="UTF-8"?>
<!-- Generated by org.testng.reporters.JUnitReportReporter -->
<testsuite hostname="DESKTOP-ESALR7Q" failures="0" tests="1" name="WorkingWithTestNG.TC_Newsletter_003" time="5.207" errors="0" timestamp="13 Mar 2024 05:44:54 GMT" skipped="0">
  <testcase classname="WorkingWithTestNG.TC_Newsletter_003" name="Verify_If_User_Is_Able_To_Use_Newsletter_TextField" time="5.207"/>
</testsuite> <!-- WorkingWithTestNG.TC_Newsletter_003 -->
