<?xml version="1.0" encoding="UTF-8"?>
<!-- Generated by org.testng.reporters.JUnitReportReporter -->
<testsuite hostname="DESKTOP-ESALR7Q" failures="0" tests="1" name="PackageCars.Kia" time="53.290" errors="0" timestamp="09 Mar 2024 11:21:26 GMT" skipped="0">
  <testcase classname="PackageCars.Kia" name="Kiacar" time="53.290"/>
</testsuite> <!-- PackageCars.Kia -->
