<?xml version="1.0" encoding="UTF-8"?>
<!-- Generated by org.testng.reporters.JUnitReportReporter -->
<testsuite hostname="DESKTOP-ESALR7Q" failures="0" tests="1" name="PackageBikes.royalenfield" time="15.166" errors="0" timestamp="09 Mar 2024 10:33:24 GMT" skipped="0">
  <testcase classname="PackageBikes.royalenfield" name="royalEnfield" time="15.166"/>
</testsuite> <!-- PackageBikes.royalenfield -->
