<?xml version="1.0" encoding="UTF-8"?>
<!-- Generated by org.testng.reporters.JUnitReportReporter -->
<testsuite hostname="DESKTOP-ESALR7Q" failures="0" tests="1" name="POM.TC_Reg_001_POM" time="2.303" errors="0" timestamp="19 Mar 2024 12:16:45 GMT" skipped="0">
  <testcase classname="POM.TC_Reg_001_POM" name="register" time="2.303"/>
</testsuite> <!-- POM.TC_Reg_001_POM -->
