<?xml version="1.0" encoding="UTF-8"?>
<!-- Generated by org.testng.reporters.JUnitReportReporter -->
<testsuite hostname="DESKTOP-ESALR7Q" failures="0" tests="1" name="POM.TC_Login_003" time="25.478" errors="0" timestamp="27 Mar 2024 10:35:40 GMT" skipped="0">
  <testcase classname="POM.TC_Login_003" name="login" time="25.478"/>
</testsuite> <!-- POM.TC_Login_003 -->
