<?xml version="1.0" encoding="UTF-8"?>
<!-- Generated by org.testng.reporters.JUnitReportReporter -->
<testsuite hostname="DESKTOP-ESALR7Q" failures="0" tests="1" name="WorkingWithUnitTestingTool.Basic" time="0.018" errors="0" timestamp="06 Mar 2024 11:01:00 GMT" skipped="0">
  <testcase classname="WorkingWithUnitTestingTool.Basic" name="run" time="0.018"/>
</testsuite> <!-- WorkingWithUnitTestingTool.Basic -->
