<?xml version="1.0" encoding="UTF-8"?>
<!-- Generated by org.testng.reporters.JUnitReportReporter -->
<testsuite hostname="DESKTOP-ESALR7Q" failures="0" tests="1" name="PackageBikes.KTMBikes" time="7.288" errors="0" timestamp="12 Mar 2024 09:53:27 GMT" skipped="0">
  <testcase classname="PackageBikes.KTMBikes" name="ktm" time="7.288"/>
</testsuite> <!-- PackageBikes.KTMBikes -->
