<?xml version="1.0" encoding="UTF-8"?>
<!-- Generated by org.testng.reporters.JUnitReportReporter -->
<testsuite hostname="DESKTOP-ESALR7Q" failures="0" tests="1" name="PackageCars.Skoda" time="27.414" errors="0" timestamp="09 Mar 2024 11:21:26 GMT" skipped="0">
  <testcase classname="PackageCars.Skoda" name="Skodacar" time="27.414"/>
</testsuite> <!-- PackageCars.Skoda -->
