<?xml version="1.0" encoding="UTF-8"?>
<!-- Generated by org.testng.reporters.JUnitReportReporter -->
<testsuite hostname="DESKTOP-ESALR7Q" failures="0" tests="1" name="WorkingWithTestNG.TC_ShoppingCart_004" time="16.155" errors="0" timestamp="13 Mar 2024 10:30:20 GMT" skipped="0">
  <testcase classname="WorkingWithTestNG.TC_ShoppingCart_004" name="Verify_If_User_Is_Able_To_Addproducts_Into_ShoppingCart_andremove_thirdproduct" time="16.155"/>
</testsuite> <!-- WorkingWithTestNG.TC_ShoppingCart_004 -->
