<?xml version="1.0" encoding="UTF-8"?>
<!-- Generated by org.testng.reporters.JUnitReportReporter -->
<testsuite hostname="DESKTOP-ESALR7Q" failures="0" tests="1" name="IT.TC_Wishlist_001" time="10.971" errors="0" timestamp="2024-03-28T21:21:37 IST" skipped="0">
  <testcase classname="IT.TC_Wishlist_001" name="Verify_If_User_Is_Able_To_Click_Wishlist" time="10.971"/>
  <system-out>
User is able to open the demo web shop login page  </system-out>
</testsuite> <!-- IT.TC_Wishlist_001 -->
