<?xml version="1.0" encoding="UTF-8"?>
<!-- Generated by org.testng.reporters.JUnitReportReporter -->
<testsuite hostname="DESKTOP-ESALR7Q" failures="0" tests="1" name="FT.TC_Login_003" time="91.201" errors="0" timestamp="2024-03-27T17:36:43 IST" skipped="0">
  <testcase classname="FT.TC_Login_003" name="login" time="91.201"/>
  <system-out>
User is able to open the demo web shop register page  </system-out>
</testsuite> <!-- FT.TC_Login_003 -->
