<?xml version="1.0" encoding="UTF-8"?>
<!-- Generated by org.testng.reporters.JUnitReportReporter -->
<testsuite hostname="DESKTOP-ESALR7Q" failures="0" tests="1" name="ST.TC_Accessing_WishlistModule_005" time="17.672" errors="0" timestamp="2024-03-28T21:13:46 IST" skipped="0">
  <testcase classname="ST.TC_Accessing_WishlistModule_005" name="Verify_If_User_Able_to_Add_Product_To_Wishlist" time="17.672"/>
  <system-out>
User is able to open the demo web shop login page User is able to open the digital download page User is able to open the shopping cart page  </system-out>
</testsuite> <!-- ST.TC_Accessing_WishlistModule_005 -->
